<?xml version="1.0" encoding="UTF-8"?>
<!-- Generated by org.testng.reporters.JUnitReportReporter -->
<testsuite skipped="0" hostname="samikshagupta" name="com.redbus.tests.SearchTest" tests="6" failures="0" timestamp="05 Jul 2021 11:41:55 GMT" time="97.290" errors="0">
  <testcase name="invalid_searchCheck" time="16.543" classname="com.redbus.tests.SearchTest"/>
  <testcase name="valid_tofilterSearches" time="14.405" classname="com.redbus.tests.SearchTest"/>
  <testcase name="invalid_searchCheck2" time="14.984" classname="com.redbus.tests.SearchTest"/>
  <testcase name="valid_toselectSeat" time="17.869" classname="com.redbus.tests.SearchTest"/>
  <testcase name="valid_search" time="17.958" classname="com.redbus.tests.SearchTest"/>
  <testcase name="modifySearch" time="15.531" classname="com.redbus.tests.SearchTest"/>
</testsuite> <!-- com.redbus.tests.SearchTest -->
