<?xml version="1.0" encoding="UTF-8"?>
<!-- Generated by org.testng.reporters.JUnitReportReporter -->
<testsuite skipped="0" hostname="samikshagupta" name="com.redbus.tests.BusTicketTest" tests="2" failures="0" timestamp="05 Jul 2021 11:41:55 GMT" time="33.889" errors="0">
  <testcase name="printSmsTicket" time="23.067" classname="com.redbus.tests.BusTicketTest"/>
  <testcase name="cancelTicket" time="10.822" classname="com.redbus.tests.BusTicketTest"/>
</testsuite> <!-- com.redbus.tests.BusTicketTest -->
