<?xml version="1.0" encoding="UTF-8"?>
<!-- Generated by org.testng.reporters.JUnitReportReporter -->
<testsuite skipped="0" hostname="samikshagupta" name="com.redbus.tests.BusHireTest" tests="1" failures="0" timestamp="05 Jul 2021 11:41:55 GMT" time="22.138" errors="0">
  <testcase name="offers" time="22.138" classname="com.redbus.tests.BusHireTest"/>
</testsuite> <!-- com.redbus.tests.BusHireTest -->
