<?xml version="1.0" encoding="UTF-8"?>
<!-- Generated by org.testng.reporters.JUnitReportReporter -->
<testsuite skipped="0" hostname="samikshagupta" name="com.redbus.tests.NavBarTest" tests="4" failures="0" timestamp="05 Jul 2021 11:41:55 GMT" time="26.685" errors="0">
  <testcase name="busHire" time="7.790" classname="com.redbus.tests.NavBarTest"/>
  <testcase name="redBusLogo" time="5.423" classname="com.redbus.tests.NavBarTest"/>
  <testcase name="busTicket" time="7.670" classname="com.redbus.tests.NavBarTest"/>
  <testcase name="rPool" time="5.802" classname="com.redbus.tests.NavBarTest"/>
</testsuite> <!-- com.redbus.tests.NavBarTest -->
