<?xml version="1.0" encoding="UTF-8"?>
<!-- Generated by org.testng.reporters.JUnitReportReporter -->
<testsuite skipped="0" hostname="samikshagupta" name="com.redbus.tests.TicketDetailsTest" tests="4" failures="0" timestamp="05 Jul 2021 11:41:55 GMT" time="27.611" errors="0">
  <testcase name="invalid_togetETicket2" time="5.616" classname="com.redbus.tests.TicketDetailsTest"/>
  <testcase name="valid_togetETicket" time="7.668" classname="com.redbus.tests.TicketDetailsTest"/>
  <testcase name="invalid_togetETicket1" time="7.701" classname="com.redbus.tests.TicketDetailsTest"/>
  <testcase name="invalid_togetETicket" time="6.626" classname="com.redbus.tests.TicketDetailsTest"/>
</testsuite> <!-- com.redbus.tests.TicketDetailsTest -->
