<?xml version="1.0" encoding="UTF-8"?>
<!-- Generated by org.testng.reporters.JUnitReportReporter -->
<testsuite skipped="0" hostname="samikshagupta" name="com.redbus.tests.HomePageTest" tests="5" failures="0" timestamp="05 Jul 2021 11:41:55 GMT" time="38.802" errors="0">
  <testcase name="rbuscares_donateanonymously" time="6.974" classname="com.redbus.tests.HomePageTest"/>
  <testcase name="rbuscares_toDonateCustomAmount" time="6.376" classname="com.redbus.tests.HomePageTest"/>
  <testcase name="invalid_todownloadappViaLink" time="6.052" classname="com.redbus.tests.HomePageTest"/>
  <testcase name="invalid_todownloadappViaLink1" time="4.559" classname="com.redbus.tests.HomePageTest"/>
  <testcase name="rbuscares_navigatePaymentGateway" time="14.841" classname="com.redbus.tests.HomePageTest"/>
</testsuite> <!-- com.redbus.tests.HomePageTest -->
