<?xml version="1.0" encoding="UTF-8"?>
<!-- Generated by org.testng.reporters.JUnitReportReporter -->
<testsuite skipped="0" hostname="samikshagupta" name="com.redbus.tests.TicketDetailsTest" tests="4" failures="0" timestamp="05 Jul 2021 14:18:54 GMT" time="42.699" errors="0">
  <testcase name="invalid_togetETicket2" time="9.117" classname="com.redbus.tests.TicketDetailsTest"/>
  <testcase name="invalid_togetETicket1" time="11.611" classname="com.redbus.tests.TicketDetailsTest"/>
  <testcase name="valid_togetETicket" time="10.032" classname="com.redbus.tests.TicketDetailsTest"/>
  <testcase name="invalid_togetETicket" time="11.939" classname="com.redbus.tests.TicketDetailsTest"/>
</testsuite> <!-- com.redbus.tests.TicketDetailsTest -->
