<?xml version="1.0" encoding="UTF-8"?>
<!-- Generated by org.testng.reporters.JUnitReportReporter -->
<testsuite skipped="0" hostname="samikshagupta" name="com.redbus.tests.NavBarTest" tests="4" failures="0" timestamp="05 Jul 2021 14:18:54 GMT" time="42.683" errors="0">
  <testcase name="busTicket" time="12.558" classname="com.redbus.tests.NavBarTest"/>
  <testcase name="redBusLogo" time="9.390" classname="com.redbus.tests.NavBarTest"/>
  <testcase name="rPool" time="11.541" classname="com.redbus.tests.NavBarTest"/>
  <testcase name="busHire" time="9.194" classname="com.redbus.tests.NavBarTest"/>
</testsuite> <!-- com.redbus.tests.NavBarTest -->
