<?xml version="1.0" encoding="UTF-8"?>
<!-- Generated by org.testng.reporters.JUnitReportReporter -->
<testsuite skipped="0" hostname="samikshagupta" name="com.redbus.tests.HomePageTest" tests="5" failures="0" timestamp="05 Jul 2021 14:18:54 GMT" time="54.803" errors="0">
  <testcase name="invalid_todownloadappViaLink" time="10.244" classname="com.redbus.tests.HomePageTest"/>
  <testcase name="rbuscares_toDonateCustomAmount" time="7.866" classname="com.redbus.tests.HomePageTest"/>
  <testcase name="rbuscares_donateanonymously" time="10.290" classname="com.redbus.tests.HomePageTest"/>
  <testcase name="rbuscares_navigatePaymentGateway" time="20.265" classname="com.redbus.tests.HomePageTest"/>
  <testcase name="invalid_todownloadappViaLink1" time="6.138" classname="com.redbus.tests.HomePageTest"/>
</testsuite> <!-- com.redbus.tests.HomePageTest -->
