<?xml version="1.0" encoding="UTF-8"?>
<!-- Generated by org.testng.reporters.JUnitReportReporter -->
<testsuite skipped="0" hostname="samikshagupta" name="com.redbus.tests.SearchTest" tests="6" failures="0" timestamp="05 Jul 2021 14:18:54 GMT" time="117.774" errors="0">
  <testcase name="invalid_searchCheck2" time="14.871" classname="com.redbus.tests.SearchTest"/>
  <testcase name="valid_search" time="24.497" classname="com.redbus.tests.SearchTest"/>
  <testcase name="valid_toselectSeat" time="20.533" classname="com.redbus.tests.SearchTest"/>
  <testcase name="valid_tofilterSearches" time="20.422" classname="com.redbus.tests.SearchTest"/>
  <testcase name="modifySearch" time="16.927" classname="com.redbus.tests.SearchTest"/>
  <testcase name="invalid_searchCheck" time="20.524" classname="com.redbus.tests.SearchTest"/>
</testsuite> <!-- com.redbus.tests.SearchTest -->
