<?xml version="1.0" encoding="UTF-8"?>
<!-- Generated by org.testng.reporters.JUnitReportReporter -->
<testsuite skipped="0" hostname="samikshagupta" name="com.redbus.tests.BusHireTest" tests="1" failures="0" timestamp="05 Jul 2021 14:18:54 GMT" time="50.870" errors="0">
  <testcase name="offers" time="50.870" classname="com.redbus.tests.BusHireTest"/>
</testsuite> <!-- com.redbus.tests.BusHireTest -->
