<?xml version="1.0" encoding="UTF-8"?>
<!-- Generated by org.testng.reporters.JUnitReportReporter -->
<testsuite skipped="0" hostname="samikshagupta" name="com.redbus.tests.BusTicketTest" tests="2" failures="0" timestamp="05 Jul 2021 14:18:54 GMT" time="22.323" errors="0">
  <testcase name="printSmsTicket" time="10.120" classname="com.redbus.tests.BusTicketTest"/>
  <testcase name="cancelTicket" time="12.203" classname="com.redbus.tests.BusTicketTest"/>
</testsuite> <!-- com.redbus.tests.BusTicketTest -->
