<?xml version="1.0" encoding="UTF-8"?>
<!-- Generated by org.testng.reporters.JUnitReportReporter -->
<testsuite skipped="0" hostname="samikshagupta" name="com.redbus.tests.LoginTest" tests="1" failures="0" timestamp="05 Jul 2021 14:18:54 GMT" time="8.905" errors="0">
  <testcase name="invalid_login_PhoneNumber" time="8.905" classname="com.redbus.tests.LoginTest"/>
</testsuite> <!-- com.redbus.tests.LoginTest -->
